25080
49056
24840
20160
36720
41268
66600
54240
63570
75210
38880
45732
25134
47502
9120
12000
50310
65532
64974
61776
46434
21276
39096
56760
28914
12798
24030
45900
33300
62790
59364
35136
38250
30102
34776
21960
52650
22848
65190
28728
45066
43818
73788
46440
34524
72312
28608
68850
68058
51642
24426
68328
28980
57570
29784
59148
33516
39840
25092
81090
18228
9450
78174
38916
29232
53934
26892
37410
54954
38430
35448
34500
50040
35442
29898
63684
52110
22110
9420
69156
53250
32634
61884
37638
41172
58080
65664
67230
8976
29862
69906
20286
45390
16872
48006
62964
21762
66504
22440
23598
70500
26712
25776
30240
49140
62100
12312
70434
72546
54684
43230
29736
49932
43470
47970
68250
60756
32010
62130
58212
6864
23556
35046
62130
35100
62040
54378
63000
26532
65670
42822
15228
67320
70110
60144
11844
49464
48960
20160
34020
56100
19680
65886
10836
65988
16044
29322
58830
9450
48654
66024
14790
69324
18060
75096
23940
27900
56406
16254
33390
55386
20592
3444
67080
69030
35112
50232
65766
44400
16830
31860
56826
47400
53820
31512
66834
30906
41658
69696
71442
48564
30186
43554
59976
32010
36846
59286
18684
38862
68556
68856
19980
23718
57684
62700
55458
4770
53550
58194
62592
