62093628
48469740
33080544
39371712
27451098
59366052
60812148
27301824
15322554
12450834
48091032
45848430
24320154
48289230
74800206
16501098
58298100
16149660
24744390
56481000
44346870
43273830
46507914
57010716
26486550
32666040
50332158
59316264
32228460
48033594
7974822
58866660
50359500
21244680
61907214
66998268
42319602
39970716
54172038
26467830
67647540
18368280
44911308
62289570
17481582
22202442
41545980
48289014
40851816
17523294
69060924
26175768
26138718
34257294
58237830
42091434
43028244
19451166
23380968
32607300
18731250
51879828
16299096
65260998
69080484
37592064
63884700
28199658
70366470
59823036
29926554
19604970
57766512
31956744
55526946
64134882
36988080
34426182
14862744
63929166
21411900
46070550
19083702
21441288
14314272
40568664
56422656
29987034
30320232
18706086
27985812
9881532
17322660
67632774
28289808
62866566
30551388
17633088
65871342
49188750
53949600
39461760
9219882
26315388
66110310
32936430
21852990
22520916
29125512
4098972
21496638
19403904
26566752
12896910
71208966
6861618
56376012
21408192
15403650
58175244
27764856
33357240
62407818
31973058
32265480
70360032
58287600
72196656
22632678
64038762
32722488
57283632
16176654
26971128
40498998
17427150
22198050
59962290
22984500
60735084
58008960
70133310
49475124
26561100
38328270
59561292
55853430
37013658
45036762
18599784
37280850
49488138
60643710
29061864
44866242
16212510
17383950
60639264
70690158
22659624
9639084
40359306
51965940
42770976
26331156
20060460
57507054
64368018
30851250
22075416
35244258
37186422
27296874
37119114
32429532
47283180
69650454
51352668
7562424
52843890
28244832
26938230
66794436
50448996
31769808
19968744
28696536
43649340
20154348
62125950
22595538
16862310
51776946
37592100
36263934
42783120
69274920
19872276
69621984
18442092
63441924
42411924
41025660
48894924
45393882
30871032
68789508
35689680
27897186
64997460
29652750
16693020
47882814
44500890
30436236
48073620
51644070
28478190
47069814
31203432
61023228
44562948
29949930
17982600
36961554
19514250
36834084
23445090
19211412
31666512
70596462
34947144
13442544
18695568
47699982
67984560
66190776
42680700
59316264
67670460
31257030
40835178
27679050
22316352
25118298
36980352
41465160
42512346
28620900
34455132
45719592
17769750
17885076
56809056
44267676
31997160
40410006
48577566
16853130
30559134
56236194
41682222
45489708
74481390
64554288
5974584
45727848
4685058
43115262
39963330
28276200
34329996
30783504
29309994
24587730
26762346
46509726
53747850
58479570
49082436
45381546
58646322
29167776
53586954
28951020
17224326
61458180
62507532
23196672
30931890
57665190
44140950
29872902
46680468
20046114
38692644
20063808
13855578
16319004
26581104
