649899762
415541664
98631540
539233182
413835342
718467972
304569666
325627434
399884364
757792098
105984738
272946528
262950720
143652366
549534000
385148826
259325226
518774706
548887578
612720918
323432100
336064914
466926966
619331250
163751670
177361830
608769936
659746692
385451598
403594212
627838014
438960060
323227422
337765428
227569650
697524690
636806178
330306240
160468650
535275192
608310252
221094504
456365280
719199180
236092770
492084060
583162254
409190040
198397080
551645094
233480094
244731240
630559428
277710498
621703452
284976960
231568398
586287156
205965186
431074440
433484148
425392224
741634452
810494244
501171012
280889064
365338950
175329576
279742134
34932852
262134732
261590028
348509700
198378576
407356020
375290814
718154430
269030916
267788430
154671540
234775788
638540376
729555732
281547660
419429124
441369324
573408810
385277670
423251640
691011540
676291824
302626152
266457060
119538480
200464470
774176130
557475390
73399860
259312932
690051300
699562242
335352690
792879084
230012514
345664440
634579830
387077214
204966708
717492696
571502844
120772080
347289024
593206086
694546560
294208830
419266842
283918860
272418432
627313878
202164702
331965348
726506064
197481780
409049706
420784020
753527790
416050824
327120552
710834388
447604572
321511278
435751800
553804308
408988494
155308764
551558250
134318496
645713040
103863582
800633706
192480252
428556282
229264110
605525166
743498010
508456014
296916462
240275970
694449000
401531064
185945166
147070152
326227968
312878016
610001382
319421964
85807320
737691948
80254350
455018004
152701692
411744900
509159136
378601290
398907804
498053160
584084790
555740676
237133050
212052030
818603730
288228468
265817472
744128532
402551772
751931466
648404874
266120880
653029110
603396444
542264142
187144500
148608792
749661948
454158276
528150246
761167296
517700334
622484286
430862760
352667814
652212066
353797500
216580638
702753000
435482670
349892898
650973078
607070250
327475488
459038502
620164926
240142848
434643288
785316360
387299628
671745690
468240180
365397246
286741890
789112740
760428450
510329160
263186220
283826970
311899878
468698484
356026170
360745308
199861860
669996960
580525716
226859022
300584970
186135366
215695524
424026438
575447268
727754118
383615370
165141960
458813094
324175446
94767624
683183970
338270310
565269624
494421306
451823148
109046160
287502534
617057262
417887406
88101510
278602956
664580328
278405064
481275726
521492622
400275990
741523680
208118502
225089784
469660896
302711094
165091542
253367766
595499934
264230226
647405304
606405960
179525994
736918122
524038788
219631824
191164662
379958250
424301436
523995264
231638130
366234678
300173148
703981038
80512020
285839496
639877218
303415740
514124790
531928458
415332846
779085912
607073040
653515842
496367490
290244498
410655660
267058110
403840380
364857750
611121840
41220372
70353900
373441632
258017130
207423048
721117944
333565650
382059624
244041930
360453702
282992334
289203306
350973000
141060582
322203186
208913544
801584034
646226550
72117006
586051398
512979840
329223978
217504098
478820250
717692022
460014984
669726996
810264780
592596738
114774012
352051596
446926284
304680630
544335750
217930140
184600062
180811728
391073262
340513068
309188712
708041250
403596018
603053928
550501710
291125916
318606624
649235610
520823250
613264068
425582712
769779318
214904820
441423162
338230080
559106046
406795578
641426070
586963674
682963650
532035306
65323350
189972198
778185396
587815380
180291306
578097276
390993354
351171150
239422320
519057396
609081786
293435058
189048990
287935812
161785926
538201512
719196408
549743922
433553250
551226690
242761860
461443920
282946878
376706484
374840466
681473070
418387086
634846554
690691170
125416680
321522750
685488276
325369848
334772604
173130210
138538950
715180242
570595080
620895000
494464500
201329172
666352428
237875400
155157084
465812538
196390074
805845474
805003080
320965842
237385812
802226100
337741110
362346012
223648812
314628600
167024310
540834666
269796090
159091128
631439262
259564206
461829192
347681862
328154904
543855672
399643398
705210366
558394020
201431274
562840950
730214604
171982830
175697340
135492618
348663900
708436908
129169590
95714046
734767200
459198720
667101474
117660180
580464162
664978650
373680750
218340090
676929678
436822722
527469516
439737270
607980792
558405630
140606466
426079350
686193300
269051832
331870500
203325210
542517720
200286372
329537850
183302514
476560110
513676620
214360506
347715450
213619056
575284188
323842860
220982022
807335100
304509714
374625030
199412514
629289300
219028476
708960786
585673578
427233492
293253714
406359018
170408502
134924130
575596098
575996262
372546900
324708012
621725634
242773524
279052620
335953980
300447906
74260026
271079190
431654400
321894810
287636712
217162044
748334874
456430008
423093978
201144312
314131818
582430440
459087606
174751746
537308664
690077190
183596220
611209614
732238530
214516566
575728560
234678450
119796876
220510608
333875598
558519120
258970614
64431900
375075696
213564600
693992724
545231682
831005994
237185766
715530492
209444100
98108010
164363880
575402454
738949446
402241788
268763760
650137950
448587828
516052104
717357330
352377738
478952796
380750280
396827970
267132846
492626232
439419876
215340030
526879692
524707092
748583946
534838626
513633300
545907294
725786316
282995076
595284000
409703622
463806000
420071244
583101870
800701248
321555078
143834316
233756550
171043650
216584544
342217590
774660330
590463330
617410872
625458462
615175800
258025302
189077250
410643900
527430180
675496176
366364866
136503744
227462088
276142740
348470490
485780910
649620552
311742270
292922910
570587646
370554102
319146102
641953956
612352212
549872550
793557414
347634654
688277040
405362196
679651632
579682248
188597880
563472294
473923950
638595300
356445858
13183578
151901484
276361176
367132998
412971786
285477402
509991390
810909210
264371148
221750892
734616402
434618028
247108206
132927330
55226850
475256052
82812126
291907260
567749754
281504652
260773380
626416596
400992516
402068700
263241582
508624068
353103168
76149528
465917436
109511688
609524730
283561884
165049962
403538634
118984140
695829720
25551924
310231464
624213744
401302140
578116080
323388990
483906780
177382332
499675566
219346974
427780470
130802400
288891846
376316970
816755760
586317606
250414584
251311410
503204520
114154158
418896594
255520980
558470766
45999828
239210754
289934622
457999782
343024158
451366020
255486360
242768880
521861364
358412580
681974700
498082932
367908390
261412662
205297554
90566322
329201442
579595218
238378140
777960876
576125928
576276132
487716216
286966530
195200820
283490550
615096234
179189550
673714320
100302606
354083940
496311822
491435586
688196334
403712070
299906250
636670638
445551648
302729232
412541994
684071160
191673186
476806680
559495428
573307680
547697700
365214666
478256922
663751308
156919260
350603268
780389970
700086978
402924582
370972890
339585018
86156910
600419772
353829000
729531726
356878182
464009490
682374978
501969888
84159174
189618306
295153056
252099120
513639666
772974120
232018320
738706008
280934700
597714390
531381132
603197964
790785606
238519008
466090020
373137228
228067620
617695218
115086150
253001106
410620410
337189062
443641182
703199970
146112120
496290678
685299888
219681192
360475578
251258700
206090220
416931690
268813458
392589360
366535140
261749700
468396924
266070186
78698310
661108392
684125040
372853440
765730920
257689284
187630746
422545032
257133870
691615620
315112926
93369144
347778756
376373334
278633274
549476070
242892972
385968042
587815248
390343944
714293496
469926492
185666490
620158800
725532600
426541668
92664828
458231760
604667616
390594726
368795364
531848400
433088208
213297810
644746866
636346620
453412764
593319846
135253734
243002880
297326538
674673024
549635250
146959542
466838370
553500042
192527112
616649274
206367534
553641900
273281262
103253280
269975160
346700496
252235620
422782362
317444742
314633358
687285996
489937218
400357860
152233956
419333466
302371650
707373048
132377508
536125944
736084206
261819756
537296490
683528238
645716916
592452378
324003498
501289110
642521988
337934262
204502824
201550068
175835556
586533780
547152000
118714314
210099834
515711664
643282110
382799460
381155490
295840842
684271584
637409850
274479348
747852480
670847160
494280750
300116970
169870116
214452882
421355520
632358678
599576910
206191860
505136718
238446102
520274832
480933090
53283948
146919150
248404158
319011120
51186438
724039386
374069430
430236228
730058004
606783420
649958298
621939168
581105250
309143268
385504452
624586950
648895266
695465190
482285988
624510576
314652270
328277448
449482686
648057000
58125036
210627144
487288116
337857264
325913604
552196116
234385248
262024740
622044000
262755000
532617474
195169824
205758486
355083534
309941280
518276022
791030106
219442806
317770038
492307596
128550912
512195340
324520938
54217674
443312718
166834530
461600058
325193664
828936744
119024550
216299160
487356948
361938096
790058910
346617000
735909372
306275706
154583430
589013472
624195480
490917882
182939148
579127410
535226832
693940026
232020576
452933208
310212126
625567248
488552220
726529902
684460422
254115540
586800816
413819790
355296858
57340200
490521468
477176040
416552580
781899624
209142648
608742612
117150732
823253364
442915830
392211378
235033632
301813776
697445694
527194968
300774270
539541288
381499680
234041088
93957654
690167670
330202356
491158872
828928854
277871580
208419324
348825744
649267710
576133230
358701678
551143860
214226670
531873726
378858480
277268130
219450330
758155932
243757536
394588782
684278640
498555330
376093410
770377902
184833900
144005400
151961634
492413400
593790588
412692930
248539218
586971546
323658918
212132970
478482498
441863796
391704048
291127914
230621472
754703712
95441274
187371990
237228450
425242230
640599378
470216532
701926314
680438160
133122240
451922400
743643264
270308178
499338672
128864574
548922516
344414592
692831004
162955092
704179632
603444870
539756616
59238000
255656268
516446106
253942698
281207394
360975186
508829634
65502702
523110864
330579912
386751330
472257060
472818492
360934818
457361394
112304940
528548226
316117890
281109960
440456184
680113500
400458912
753739776
591507954
259505844
515400468
298756584
538802334
199294230
203831874
425945700
780181170
322165062
807949170
778853820
622990104
773595108
176347080
198182628
749880168
675847620
609319830
601277040
181725852
543936900
88954824
83753160
236976786
248394972
552122214
693751734
186762990
736630038
522882918
203975538
374233770
213501132
321157350
311733360
444500802
192039096
214730424
353857530
502041192
674805432
307390590
340172514
293588550
563717850
699509700
162547056
420411468
742148310
524982150
173074914
477966318
796835310
226082136
524106198
233749938
561639720
598359390
603713550
370185966
156021198
527499894
235451790
667139160
297276672
485459106
83373840
421106700
329698836
483624258
449405850
356268150
593543586
548564520
397734852
612143052
767009964
138327864
350681796
259577466
675895080
525681090
563332326
363561870
302684382
198365850
352390122
174736170
548365500
438802074
169009440
767127498
203785944
466205040
366258708
430459380
733534956
287877084
556343640
302333526
622587834
387384810
169933770
703260282
491285340
245682300
638322828
396591336
403037004
508586832
632026536
485563764
440712420
254242020
386301474
267183864
396354204
94952430
426275460
603750384
247517958
181535112
612659250
169610088
726790950
329348736
186706674
495974808
463163910
502910532
51196392
247897386
565791882
542575104
219512706
511007658
485812674
512954712
480178260
545063430
333102870
553077558
647243526
785843850
801446244
106286838
388431540
167175330
638143362
672151914
491195562
83090628
250161120
62657334
625822956
304906182
494620122
299276886
303997980
490755408
512484558
560371290
355277184
427791000
208082574
740299266
355698576
658760688
403449624
349932540
591310392
220357446
73371084
696185232
400011444
480729858
524407500
286965180
363782322
137720892
346708914
229473882
354157104
407568222
655030692
163478700
573082206
395360850
521107668
342099702
639748746
255546420
356666310
614203470
259052580
701407794
130817550
453155850
551428098
155131680
531511014
289698156
358877478
593213418
581472702
585056178
804316938
578729250
621577560
677811144
688137666
301136460
297712368
248872896
534127770
269452134
559947960
672510150
431765880
215800746
308299068
221260398
783059820
765563334
275215644
366090780
579740106
782785536
232082454
710817678
629844750
338217750
520060632
439155990
529948692
459933642
516933384
371501130
346169538
120324204
370223082
295315590
177990120
602722494
281954052
221412210
176650836
407563470
334990656
601124616
389985450
160526790
180041454
166798632
212173542
216629700
528042780
623855358
752360076
269824302
534702144
104530914
515610342
422427630
638322120
326463150
415144350
263018502
228318882
526359750
680548134
256739646
230100066
208714050
75943062
605256924
229323864
306081804
567431460
289705650
408608604
235360752
345664920
523892340
375210948
386410068
433515306
363710160
592753140
770170104
450480924
630609126
537519138
366209472
59031618
732201228
521064570
490924014
270690480
518610150
286477200
396055494
89860500
417774942
287206650
101754000
725442630
212932350
696436434
642297582
404307396
632101470
801062580
409790070
298899438
155593620
642346788
383194314
390630834
264531798
692632080
216465516
340227240
80125422
577420806
169170666
617412492
205784928
287456946
314822640
171699858
662706090
85843422
186993450
526786536
622726428
739970868
105924834
511572156
135842574
268159446
483145056
240479904
259633440
262099530
744218982
501838218
687840342
209697840
467086422
319120752
187968558
112153860
336828150
558152952
756147078
762796272
370339608
144068424
383764500
722050056
633802806
241622502
703327446
321997740
520373610
400553352
230499540
224685720
328521600
746915364
264132090
292927752
669118770
332084394
433591974
264270300
518224278
374935842
632863044
300909222
468467370
216293832
659599956
189991860
221298516
338351778
265575822
605476476
408559470
254074248
232282638
298355442
608299542
722856804
135101088
604924530
343516602
675356136
314780394
406200366
203121900
279557472
604297260
393842808
44635152
495803742
221305500
764267400
298093914
461433672
192743232
402199050
296639550
148293894
573839040
607316814
319698390
688725522
653259420
604440018
415516878
597936612
715525866
702330180
589020432
327877830
70368750
478586280
237828588
433632318
671243070
235902642
369020250
462345522
478054008
525633138
142466850
39380850
146864790
522345600
274744332
190314828
232456620
694317978
49293036
292378350
705194574
744749874
384355362
692350974
570205278
289729620
420866880
760273248
649713870
620720436
439906056
740501820
309191520
126947520
477845160
450625530
294526206
612274320
276967470
329839020
654686010
643560792
265129506
427199130
489762882
345847968
345253716
301865442
458781036
500673276
531639900
252771078
387294678
109781580
448101810
481653036
538529502
466259208
293205330
363444588
343741788
313547220
482771952
303637308
643937580
659155824
267564108
627018450
302619330
676131660
373578000
741881790
769335000
333575496
399989148
725489622
540708480
401883660
164439000
210000240
203145852
303866640
421467210
357035904
298991376
299524470
594903222
593821866
129532500
369301050
118703376
104548212
124105848
685810980
352635894
247845096
473579838
274753584
265482000
610306326
565554990
320281290
342596394
267840540
294615846
333520110
669623094
440939862
212327082
127245330
314245044
96314406
62871732
220181880
554446926
278696250
584528382
290360352
532646730
330435156
429337584
523496712
227127276
438343194
536923344
347587632
801036180
311361120
566865000
618018912
578930004
152766900
695327490
397203660
804405780
192388878
236789268
185112846
483331440
564311580
436024512
197080020
65748048
725794470
304427904
684373770
481382514
152859960
130390506
275280888
617183544
547300992
725908770
176569800
695387196
482531322
434179752
716494620
56255886
378395532
409696632
656820450
473125860
654123522
353786130
362986008
787695678
229298004
299970750
339490206
327153288
803379420
353112636
176014962
288084006
194469000
585273870
371539224
544978824
617617260
269864160
331131510
285468300
416310210
561185352
174329316
680249178
564258888
787056396
255941514
464211618
127540980
378169452
137939124
441677040
666265050
253026018
753377328
468161340
218127258
518522958
242326524
704636550
426678576
498275820
468090798
445783398
575588052
274214376
83642970
257499000
267245382
147881214
391774248
315119076
690739836
89597574
210691854
768510492
565754580
276643080
179171100
442475250
576988548
809564184
486179694
430539570
363741378
312868290
343970154
369800430
296295390
323860560
523115712
644614920
694566222
179278650
357483024
136194072
370964946
407196942
565921008
495651702
190035060
716173554
214934796
294560994
427017030
320374854
604463670
475539006
207516960
123996864
494456556
61570704
457448358
710005578
96857844
615716700
508721850
427660614
544234260
194600700
204939432
417580002
620740926
439185804
682473018
301206906
258996054
508506174
281742624
370969848
374223630
577884654
487335618
665716110
736868100
455163024
370265490
554505084
244085226
288805374
437674530
480508290
746192634
506375892
512801490
489249810
631130100
210039060
92604006
479693718
54030210
545388558
776328228
186796134
589479198
513520938
550529598
223947930
157009248
206231760
177151026
106151850
364299540
242778690
189946848
432429900
412702272
201313854
234904554
402906012
697172388
327358800
668072262
240535008
68060412
549615018
511153548
613466406
345424452
791880858
702947484
365169300
632507022
482091684
364457214
692801244
351472680
570323328
164370438
270680826
101084970
623068704
307971048
56514120
337022712
289890858
40100562
260982342
607037718
317293182
212726136
539313258
32080368
486043074
535954482
688478916
154272954
360273312
239502690
400298598
319917762
553002900
78959988
191218170
419149872
779031324
675208812
371620620
792307530
521475750
267591960
227104668
431399808
696420270
574137480
823222050
208482846
636080544
130409172
561105756
617719878
246370230
235148760
149905704
470405160
319991238
560274186
345097284
445658562
822340638
659723610
184940112
285282372
761652882
494958492
364630830
735986376
245806932
262018386
139990032
588900186
159761052
411146442
194797890
225713538
738443790
518493402
211388058
670978350
181852632
393062310
266483250
298174296
116323050
657910800
734340792
524946300
267103590
261293214
175941720
707256774
707463690
181546920
339040800
776719278
721223244
217904700
590269008
539347272
323794908
809810280
325449480
285813468
468180414
778757694
124167984
515471502
464023944
678148974
483565896
583828200
227830500
249596490
429509682
534929472
569484090
600232722
256693374
176053446
286005114
58684500
582409548
467377890
813438450
433286478
589981770
405632610
415984374
769595904
459947544
340008732
719004630
549530352
411155766
489065040
475470456
642059172
495564426
479972376
664356708
519618456
578352510
303089130
233743620
545288538
331005414
324316524
515686338
340231014
184492608
188463300
233290056
474139386
289400958
621836514
505636668
252909888
441747978
274964418
696192024
535283658
669052566
394908318
200483820
327676734
204016518
721852368
536041242
223807302
109650786
286002198
646263648
202434516
372406950
394750770
705603180
471109296
436724946
284937576
713165076
625068198
656735202
765498636
798064470
482216946
376852476
393785070
52820310
356986026
282788970
486473526
630532398
316990488
413782230
197077956
499672470
712032750
625000446
198447300
645790542
714320460
321469308
205686624
495449598
670546950
268308918
318034860
458914890
338010432
604386396
242142690
784916676
252459270
713502108
775693584
129725850
393459048
629327556
211425900
620761944
719353488
669902946
702829512
202016610
694843110
449689860
417333510
459360204
225282114
392468376
587389620
752772132
258039720
353928042
565806738
319034160
477580770
820444542
386865912
272987886
572852754
583138200
734238660
342670944
189162498
345162606
72491250
496501692
319800600
204263976
610301148
699673140
772008240
445228776
691750026
629127318
135005796
486828576
735022080
168193050
309982176
692885376
248666850
499255134
525340452
462268404
251455260
90284460
326788920
489052464
529596144
392109498
315853020
224655306
703791150
496369914
561684630
176250600
32411946
709344090
443021040
594876870
324483324
217161078
109653702
434089758
725706516
403740252
324964860
405310896
502607640
547632900
424862766
244485540
413664660
544578174
344772396
198729204
513424170
542531088
153351900
558022584
350297352
250503420
764168376
648636000
813991620
226607370
366559740
59183172
503634834
574513368
598565106
306358470
249758124
678976260
360021420
568537794
333782982
218571156
472032426
351046332
559873026
720346338
269651232
767560320
195454596
290756640
191314548
739067082
651425190
321527934
176800806
619487616
183696078
441960966
295759044
143818794
333723516
572996250
653627808
171122868
262808442
645895458
209838276
353105196
249382386
301682988
346283376
220704174
740467284
531042210
380921352
181989738
70783440
176683230
634361628
460040928
810896424
464998896
405390870
122065434
208827450
768291840
158638890
688482774
304734240
346411614
259738416
417865782
519021972
614871900
787981446
745163358
804687468
696749010
315720750
633215928
90264078
307753110
401533908
403661568
508583700
397822152
578354790
108992790
709235676
198987180
397419828
440597916
8698200
665389554
369639240
492571404
515933154
312934938
570773940
327500382
469006278
446188710
325017900
557968074
461263308
436801248
127800036
142985664
490361472
480656250
708437148
380974974
586043370
273943242
419996514
418646250
168165558
496218684
319995144
669382584
506203656
131911920
190679016
482836620
560087220
104070582
215209980
409548150
294823350
638406660
162406320
366050880
397891224
675169992
332242500
183987828
776588682
440836902
268155060
767319174
452208750
85092744
214634946
214919118
372662100
178982100
159522552
585940530
594543444
385944780
672812838
153621384
490905486
437968476
545981892
623762880
389587266
46888140
495353772
480812112
549904590
545023332
442154916
265272612
172309770
304402104
298004550
219627156
339662214
166483548
482373960
582606330
362624418
262251204
254338140
554683848
239474730
708480162
587916420
522039132
365442840
245357532
303212322
785193960
365592894
314630118
496172952
324312450
510131940
656821926
323207226
441562770
515660370
465152316
62266830
276006276
652492368
574238286
550044720
761102082
347712840
216228000
139977642
281738142
327201210
323025780
246957984
539669700
235903686
20908044
477948576
250454838
234655440
457030584
407418426
302301696
566318778
658084740
451488006
570659292
292099884
589706370
481479294
189213390
209865870
275970240
595794654
502242768
637564860
447789150
740057682
412907166
624178800
707504058
713980290
402564528
480713580
325329744
325790682
486709344
693714162
350656584
504889542
624219342
402309630
297555678
669606954
728158248
480724470
579037140
632664984
375162324
343715886
548901270
218690190
559450650
606815910
274942800
776398194
195940620
223189290
371929788
598830534
407811684
731978652
77032956
388743810
364654482
320725284
252558306
636421860
8703306
488207790
341598096
335400372
736618644
296820882
270875934
474850836
590834400
398232276
492177330
194004174
385647210
370900530
502267584
330820578
242238162
208885350
552451662
242881014
417495078
496487124
568035450
245769570
158570424
286389462
409654800
591874920
216238470
359709120
438974838
634812318
211871154
537487230
616882020
566686650
790655250
228987864
145311480
410005248
425764230
377479674
353207994
272524980
640576818
579332292
353696070
336056994
333881514
268516530
448299036
365633856
494388630
126874320
293696604
266549436
318741474
141285690
130197990
768606666
606298236
121697646
726652650
451163034
252155958
404822766
230384694
495819060
236240550
666415194
138304062
89455968
148113252
580045050
323428500
350006154
542025330
472383912
628594140
648799200
136122282
658794294
298424442
575832402
365309598
149414328
468342030
641765052
201146730
763237800
651048930
791672238
472454922
377471340
182692296
170353464
336718740
439729992
260467200
244029042
426564000
508315500
590120154
283898880
394317954
442397622
264962940
736698774
717559128
19762470
395689692
399822570
236528694
434190750
506449530
200431296
416970438
116362632
491844654
638328162
779457420
604934838
119471430
299934000
543037452
490401540
356780376
611997330
602210700
445439520
490306362
523211880
353172636
274382376
390435906
182524032
185707524
490471080
548640666
155504832
501500586
183817674
666544680
470366334
679786962
789345954
482435478
114046830
233851716
238081620
116841168
466746120
273888336
683408070
499661934
388116222
788562108
572356512
596233704
712029420
108199728
512970390
242783400
637048020
722018700
619360656
535010850
458607912
313614456
225257634
435682008
254389590
399611610
457446444
378528570
394318530
766108332
263316690
304305840
483981372
502993812
393482250
70136220
637845066
366504768
303917490
351124800
696954258
447958650
269909280
429474318
156986370
760943550
539962932
231066108
700834848
630588294
624031980
296738202
318460230
672180966
162925134
333543192
376895640
215092098
580638864
233796486
595285080
807079890
293425812
202431924
236649294
284065308
508574088
457300536
481305240
289979802
634240698
253994586
630503046
667168590
503041644
806761032
523039086
218296854
331873542
201745644
397319070
611488596
542305440
618807474
642007140
105032862
35403792
466402698
336109878
262714626
475869186
269835696
633236598
197530914
418117212
491069766
562543128
472380558
731460132
151256370
219974400
500069436
342175596
422318190
518369400
239714280
434192850
394934400
139622910
653013306
305816166
113614956
20830368
284554296
327545490
107892540
272939940
706838244
352010802
613319850
721154538
217255902
827539110
433512918
351031674
474632154
679914000
313482204
468694470
250142796
348714282
341179614
532002930
487904970
187381590
430027674
496894932
424836516
352281750
808165614
424781868
311493150
393000738
583313040
272629350
282987900
529829640
783713400
354393684
213790500
510657600
617342070
340451910
698933700
233444526
197611050
269449950
826858188
498707172
280497522
619741530
620946636
98394750
376448520
315374772
227548890
331869384
284580348
281475144
277268940
632226006
274999500
714463464
777723600
667447650
374018292
784260900
488783502
316032948
525609618
611331318
638718234
302394690
434413440
478907910
323069472
205352418
78511974
250784076
546042072
386747676
172843884
417979800
347006646
138847758
360859578
794735394
388763298
694940688
687567474
127312416
332982678
476956938
533554758
183865044
553857510
366311730
610496568
139052700
269560872
394715838
431265822
761759880
498387060
449583372
705264378
220496580
273023244
270818622
810910386
592211730
321037734
432593640
289571112
142937454
297711090
327160836
507176430
663965700
330157998
396620670
547183296
306785982
566598696
185806218
135458754
477585900
401778720
248890260
605160330
793106370
292319190
678240810
397032300
395413200
294987978
198244890
264143430
317698920
304677552
563747538
191783358
143834460
437898048
525482748
642287712
619202286
258881376
307980066
214944744
489797520
183795384
352397826
414884304
539798226
365308560
678075138
310465554
748915836
551690568
591996678
414482940
408296700
734039802
541986036
715721370
718901754
715806000
285058836
284113200
703813554
246990420
244041642
541541862
434304858
169702680
508084830
445764168
355507860
376223400
274728708
529382502
142820622
601594776
644212428
615945330
366763098
656634330
414436500
592566666
554413440
753263550
374838066
448065618
476336538
556947462
187319412
324396198
266413950
209757600
62392680
422967336
721472748
335664396
645456438
541007292
293704752
643883100
423563580
252192390
169890180
281978910
239456730
64276866
664477866
573169830
682113690
546210042
699358884
452345190
606696300
289951200
252942102
754221000
632701566
225333078
471036216
696934620
445313604
368728080
465381000
187855668
424537308
565840392
589383750
341364834
401278176
337554828
621481590
108451578
327137352
432643134
250134618
147475476
490388862
174854790
157072230
433951350
488984610
626316786
716606508
629045802
621521484
530232984
241271196
249048504
306318600
645210654
526963470
663615324
401974650
717830784
95911476
22902576
502656720
712265022
221303034
351487878
566060250
407852004
559715112
377421348
567052332
421793970
127678680
568611144
119611500
459822396
273936726
741606894
285457998
313572798
566132886
321296718
525006648
122721888
462185262
420310944
209431680
254106330
647197314
202166574
339516606
324898008
719469978
24891570
444437226
602517876
264484290
393070446
84990114
283932138
710993016
90090432
301048050
608396880
691129530
333931404
544872006
592666620
434973240
704325402
687778830
194829420
101424762
438171720
458234196
99344826
512616060
530295060
50485602
662302620
595263612
571871808
340907682
425721870
684250344
479279430
515334540
635617272
691003044
65420256
247192530
315056934
271161900
360764118
771019452
547566552
379124112
485056170
572577300
665154360
738799128
417827256
369107592
729157140
356467188
425118786
302523630
556268076
489135186
696534246
470950020
362428230
561195198
454871802
99342156
586072830
206742762
648509064
623786406
556494246
365449068
445425900
416293122
554208480
457189350
624115806
362357856
728320086
229924068
508650030
620713350
257777718
379880010
699237660
331740360
206000682
400903104
432715968
514689792
659961150
350962356
479252520
367717662
57722058
540717810
810642810
492301128
247858020
159234750
239079822
544389972
331038228
330396990
145827468
768174156
510979200
51690462
350062416
269153820
224547390
109460358
463919274
603886752
552018690
553199400
488594250
663440124
635640876
632522478
703108224
594700266
190258824
524116566
498608784
203872842
539684892
421561962
242254080
269893314
112671954
627773688
175693230
372105090
296151210
501208314
212034360
602504820
688586220
512391096
508238046
346385466
207836850
433109250
727784322
377647332
295671168
626536344
182521350
440091414
147968106
487150710
173701566
373704870
340672860
238866594
279206856
243268896
436714020
218931678
635516592
103316220
129075540
744586470
177025020
364083330
579892500
297004710
315682416
438888090
344225070
804617976
327290262
182386194
246974598
509542560
537725916
586530912
205886226
301149090
546862050
208014054
576536430
404184396
455959746
569239158
225864990
527287860
429691944
300775266
527050044
425715426
612884772
656424918
620937630
456342390
421748724
73341810
602850948
185668752
96256260
304038504
464177196
751572234
780832170
495997182
63857040
178158978
303464700
653835072
357608790
329866350
326735784
223170948
592567326
331486848
623069982
680649762
252962382
521642394
333635778
623193300
230137908
653911770
605508534
195624282
417690714
189645948
372147480
321535308
261491718
335801622
607175514
217120980
706660524
649132146
106006860
211559886
349923594
571507920
160166250
706705452
762188436
229423152
578094504
271919178
111011580
548904870
251566542
614589822
219742932
679550520
706877868
372323628
378800478
325360530
466224996
694938438
433111218
679907580
425871252
581679846
254774772
579599580
69565986
372043830
362815380
94497300
624488940
373421196
402690882
114416358
668982600
167454906
530495064
300500172
813226932
89802960
208191906
235153554
358513530
426351384
206523546
490515438
569806074
615573300
639822792
704772072
237734970
161040072
215410224
671320122
439469604
594238944
572812254
518122176
290212074
159346794
652550226
360072402
149381100
54409800
374205258
252220740
579042180
287941830
258911328
190046010
184800156
274196400
617836086
313056414
264513168
248114802
535188984
577547334
363845412
290059710
310895712
537136992
289476954
543935070
381965826
455118762
213443190
504104328
768549600
158017830
217429212
567352254
46765050
433725840
494212158
201341460
297873558
220355160
586020954
445302684
280221444
445420974
236166840
103574724
539023992
135119880
615124026
495994620
467456430
324902592
280849374
636577410
403364484
219148362
217142490
267109860
632698200
377433870
146452248
332152236
278685990
706481070
195490338
643564092
107201094
543185370
351662982
365147478
376410510
251758962
274192296
118265184
351855108
402741522
656548662
257799024
784964142
297860598
394100022
71241258
240769860
385003080
563149440
446089752
381913812
242218890
412604304
405721932
828800856
720887832
287979918
385025550
309854970
572281584
670507122
197213328
170930454
355721250
580534830
378081294
140461524
534189150
505175634
359656350
745945200
146247300
651734946
292431516
263487120
524875470
304867152
236529792
196794936
648752832
823552272
278395650
717201510
504709668
309293514
262108692
318591630
235426494
551286090
744123420
581434950
191816766
265046922
603219084
307600560
395509014
196840098
464613174
772603692
761751864
288313200
86166150
542363550
147934068
418900512
316308828
168582108
514020168
253235844
724612734
187309962
499463250
659874006
257033790
764101200
215963682
625197204
69029370
198355260
607841040
554352708
272329050
416254104
220108692
703609368
335426316
429634812
287913420
122684166
221603850
398872620
352149810
522768330
144281340
595743120
148573128
676865160
463623510
746189394
459520236
251238330
328581372
500855550
410195538
216292524
133141320
784703664
505114440
281980146
440339922
393805800
222005394
271061790
257870250
719534256
418009050
383116110
683156040
628294500
185619294
280121256
625111650
60536700
177770472
589516122
686784636
435097176
299116818
504353532
536881068
195306474
315758142
386696046
484654896
626140254
173274894
247337166
648302004
321839394
223091172
462547080
381233610
144124542
691261560
684622134
458589348
695232810
509031432
227146560
628199988
701632074
450020718
414877980
200389476
608405958
200157024
219751986
722723586
207099360
171592998
278549118
231468642
495191340
199230570
722375442
623445036
638684088
330634968
658671750
280564848
277519914
317481240
645521700
344784558
320751438
386200980
485410500
482110848
305740212
404392500
205449624
273965202
339835590
707955078
129224250
234356430
495064206
543374370
440245260
410709546
760558896
433802220
206517906
307656090
603345000
522253578
460477800
335668476
175080600
241863162
195698748
347157000
254413926
159863550
364347600
603290364
263821254
160043400
113689356
494480304
322414068
291988872
378633060
369817440
282164796
150057048
424765008
645773766
451525788
720952986
236837412
335515230
384877308
303621750
278307666
287500620
250624710
721593306
270293436
533604240
432622548
544632900
295295616
380403000
307016310
301401036
778375056
342048870
311296608
816884766
94313622
696398916
691149954
198168726
376985778
487963764
396822312
192771888
660578112
360542442
586328028
54506250
224432760
708564732
719221212
452636550
278586426
445674114
372549420
471003930
510866460
456585912
211702332
321066330
135484812
73254630
180431394
588376356
516609852
444213198
364467186
759487596
321305454
139838850
696443970
141670470
593327412
387562848
262794312
411679650
427788036
389563650
337718430
447553512
337143750
607403322
457017120
195533826
335465046
262543392
413385684
533156310
444916218
287972172
343618620
64347270
750860238
504331326
621871152
766684392
360177714
389675190
816074280
566983626
746385006
808798566
422217426
476104572
724096722
122797518
566561814
304624530
229542576
298352832
495449376
116594892
424690182
558433068
343050054
260466246
184497090
188801430
222262380
595988100
264136752
692387796
401105838
345169440
307346172
296909178
618097662
466389750
635844672
434696268
188700840
736665498
739287318
224671014
359801676
349767756
443296098
242047500
801036810
611280390
233264628
572368680
534007686
274196214
191324430
633896802
532992636
533534388
697239390
238542264
410948994
631835010
436951914
177760800
299172978
566280180
588017052
440233386
506810304
632193240
634581972
107258856
274278276
502606764
469822626
708190536
335570400
283108512
766369974
200907300
587370168
641644116
736218456
376581660
96109410
581285454
506496252
303512832
629280870
263265330
649824750
232823214
438903408
516939732
319631730
415865448
293616450
168474816
169265628
652940046
601223730
287864220
673915206
359898132
80942886
251444418
457500114
522777402
250059006
312757992
213493644
428765514
163333134
650285064
523909728
439731144
127123452
211147290
637452450
373078380
371295738
317203236
276898188
361663380
107503200
105380514
383747694
237616818
521430912
123051636
547362486
154273374
222102822
463755744
302253312
200150112
153664164
120136002
288149022
204608556
802485900
613911456
499596006
199813740
237387000
194546694
289905192
595943976
434344428
263897730
484861104
251553456
274654530
652407258
420222660
222595080
322092126
277853310
364416888
601495146
716054970
149673942
440025534
543535464
409352454
705143730
541671786
768499650
302100348
506713224
632539944
326370876
642019446
514621488
472035600
235460910
619165350
547232634
628913274
547505730
154364454
315417060
214414200
297406410
652251132
522157800
190532154
757298358
673157724
482529348
357688878
129019506
89276094
461568294
211754118
557810028
418171410
499279332
333370434
126516510
608488980
272809110
214263876
414252306
550068138
256795812
341051820
321462516
103870800
238787526
391907460
371318208
242375400
647925864
402685800
569456004
696765330
383679834
41792940
287307468
556172484
330022134
490859160
365187942
450934848
345889530
125169534
818194278
212893074
363696960
704291226
337632750
338237544
507203610
368814768
293342322
681826068
421543116
357603276
478255680
730303920
452453562
580834254
377653500
229525140
231473106
522640638
471888720
231884838
342795960
432092826
296700774
636436206
732350262
744539208
66419592
714983544
211981968
520049484
774963840
806771862
218872500
55001892
442267704
766006110
548254980
611943120
549753462
658698234
296218398
628412148
511522590
412443366
260026920
214438710
172888560
700438080
452880018
268500096
90464346
551973660
261509328
454507722
454934688
629193114
559654290
672593646
540358518
409838352
64495302
725052522
613052280
464561160
273421422
192025488
475600704
196638624
24124074
319960200
256018590
309430992
346605714
172947540
114570918
748873632
620238804
150767136
426374130
404579880
459329670
499782378
218737152
236279706
614321496
261788688
692521908
306991134
219126708
119507790
312441168
621574800
218555910
360422070
351614418
184283316
332621916
683537670
392445822
363141690
313547190
264511998
95083614
378380940
355996242
700547430
261502236
446495658
542832384
300664350
496726416
356445312
518508120
715070214
486973116
663923988
572496600
514985292
196708218
661655400
363425538
69230304
350749170
535847070
85645710
475105020
416385846
799254612
299928582
256112820
735523764
304748136
374240520
146954664
202402032
412854420
536494554
750857022
376705134
484986600
529010430
242083494
328231332
586965780
578230224
524873052
722191578
578008710
130299210
116621154
758961756
700847532
314597790
358397022
217604070
152167680
747523728
258315708
497800500
629693460
308151540
228811908
682592724
437448546
297749514
451748718
303885510
480104772
554614560
652747890
330548454
328933110
467838624
643155330
480148974
549276966
561065718
504364350
468935010
513587700
429608718
465577224
193826724
296582088
260537100
232486632
215011704
216495006
638666268
470958858
583991538
122024154
150435636
568165290
685458798
588895830
575425488
368394030
460837506
553407024
356553414
212270058
370377390
565333176
457227054
556686450
629407380
348059892
537294690
609528612
327179790
725342130
325422456
244674144
390571740
236952144
317781102
623535150
121715262
689005812
599130150
286527720
524904054
141003312
258549900
125019714
789830808
588349650
304190964
360197442
209263596
139891050
491451786
398560098
645876648
315867354
619475910
432448020
651868902
736358670
593224290
726386292
273016260
225284796
303455100
323068248
616078320
228508254
390246600
265134804
705821100
170383446
551009952
522131940
669076956
89780250
440300700
301841496
399903108
293353224
198401484
231560496
464520150
144938400
470469702
325914030
676298250
254864784
584719236
506194380
698627622
224337498
339523794
207628842
490011774
505993608
322913124
296533842
507651144
225809556
656198748
611869650
152649510
142257270
321513570
207970050
611133390
482316786
623383788
667273086
510397788
503158596
255417246
466122660
76040424
464650074
431119656
392523318
320245794
635930652
106078050
534229200
240637464
334851894
512728944
260485152
407899278
154848798
422290680
243843264
714100680
612497034
611016390
120416604
489509820
668995230
610067718
682320114
201621312
333374742
334980216
443561976
643386756
596698212
315935106
262339488
539940726
708520050
84796470
660852096
553664142
751547484
520898580
543761088
316927350
743139900
387772506
224768898
698968710
428879850
582718932
644041854
639361326
70695192
539822172
307763046
331273320
732538476
327551670
270597330
333811410
737711322
225212886
458613822
294544152
736234164
260604576
248887350
303210360
386745108
636254886
653929650
380787960
421009278
402348936
268452972
643471746
508643712
244342284
203375220
415747254
79836042
132853470
482491980
680548806
419853798
513750960
300028176
659940372
73933266
553675284
764532054
667906278
195363000
657425106
237067782
441381780
433447272
446125710
238839426
745072020
284170368
532343940
570887772
168106590
302040576
743789310
513360606
494101872
99562806
285278760
260956062
546931854
458104302
125045778
195734070
522423804
558327528
360328068
278696472
308821038
317199624
219633282
249847416
615293580
112977684
752103660
796938930
295338498
528187548
567953064
278027220
298872288
366382578
758595186
495896460
698217282
260927310
131495364
515816262
621856020
259906536
408115656
445558872
121271400
473890284
356234100
56551446
341068266
564098418
692578152
789787314
224510130
344275002
387897408
206822430
264424314
686452194
390279150
215505840
125779500
357668640
465498900
180997308
507643524
207017982
388208514
324846078
273448230
325610640
457756974
628392600
296589720
455367486
595951644
238248516
637354146
337828386
154660740
411184830
750741222
241186890
92631270
630197766
501489306
363269454
68995764
687146772
342690156
318194934
483110652
194952600
311606526
282234510
334314246
202094514
771979794
106260336
521861670
316207590
388984686
585117630
625496340
258021774
490318590
382173444
624341628
242279748
271127250
645173208
605966670
121044834
140924448
364088268
152838936
433658772
701180100
305189070
527612376
628096110
173325060
273859866
293263410
198016158
223513998
607745274
304684758
599223240
349523838
328368600
564769638
780736932
242618778
310697892
126339228
237014622
535022442
171196740
216293748
438280410
350032386
209290368
410168400
272162586
427799610
576299982
638487702
544077708
541385262
634907268
531999468
649688970
433882800
692772240
590873094
592455168
598075506
217417650
173204496
669756774
92728602
223882578
286528428
250298412
503216688
393102060
551516904
450839814
404820186
691518498
545183190
531750582
356044890
351103302
346780044
648240978
91199952
234107172
322573368
189505380
336660930
398958126
242033940
403585848
184931202
205289400
341823066
797307228
696667038
280998330
149074536
218992200
252348120
552661326
92796018
353646000
688765308
817373100
607610592
577316064
346405824
572893020
420178374
547430292
789630450
272549316
798514410
252430500
564378570
576116964
443984490
208332288
264935286
367889940
257916132
309399240
16894254
527851170
477727194
649367838
340781520
321933300
329216388
494393310
640416042
660058854
432322110
415200738
465021132
222065352
209089806
393787026
805011714
808222626
366054276
581866740
537555900
477850164
791790954
789301152
289574640
262546206
593219034
503469630
428511168
387839190
272633760
287053140
351794070
755940900
375106632
674491482
310748100
649996326
89372388
748405320
186412404
395450766
461805162
87493590
471589050
587555142
671273412
197337780
373086000
179499756
432174150
559472550
313853592
596532846
250528320
601921500
207998568
134443314
302724576
239632470
208585230
382442952
289876158
739805184
617583486
652787562
312346350
332573004
541458330
667368234
328129890
590119164
256057272
658282716
491259720
498005820
593724252
631575180
463029606
705855936
823486536
732230010
372392100
424765836
779092950
693289224
734070270
294485922
511160454
638830722
249092046
567743976
558411780
245212260
43808730
318624696
686687598
483094206
304213944
292758918
587463708
755123076
825202290
179410140
313997166
616537020
121095276
480091770
610632324
538964064
634144410
533679354
253848492
694827576
160026150
349429320
237004992
241902108
526882278
562770870
85347240
409265754
226756692
385961022
616430880
225438186
409987836
531939174
785558826
528933108
521177916
228837180
221773500
816304500
646870218
34117902
653813064
208400364
764707872
400370790
329510520
748870770
600948450
233676702
584678202
295189362
713998530
206302740
579299808
199259298
759264234
87459060
387784980
289230180
273018420
73914330
484231902
364785450
671750196
719605386
251141280
687835746
244233228
433388430
188684760
357720300
527095170
358094520
606741858
285368676
175432308
591755538
191641500
562090590
199088604
499344822
61294266
97962732
797696322
162588546
748752996
236324682
629649984
182157750
506616768
397448478
531253452
378648204
600876594
190122156
711156750
443088750
222168156
783016542
522704124
393486684
529253010
338503050
379278732
552246540
79758090
473146596
195493662
328571100
340487082
311793612
400929216
456583962
65743986
347428050
544309740
428364510
728524566
313959240
270196686
590895936
259861734
409069572
263605368
201978864
381362256
222974010
421296120
636628188
310105758
582003936
242261670
361532424
578223180
406027080
564483426
813037596
485813394
508692072
552962370
399863658
225348324
483670986
190735272
217403670
290500110
447359598
714999054
360094572
288577086
111710610
607007940
160119162
543436068
261338670
752061786
468833736
577719648
47262024
205976760
247558290
564859170
734722500
731211030
591840882
423552150
343199700
153765054
239797518
732425478
423011136
648052848
557953128
205734036
253691166
197152560
676316814
385568700
267614400
542258982
412430400
357209496
452921742
225097476
639903690
595314402
481161540
663857598
381974580
253188090
481041360
349274376
623969676
507975624
687662592
421158864
452427732
343942830
551885874
618065910
463053150
615550878
146629440
515362050
631174416
409247496
680221782
724605552
483834744
436278282
612294000
504825948
560079000
91582854
115363710
510093864
360735120
528779340
687934002
92860572
174699798
469274700
288506868
766295712
617876994
819096300
793658124
176184540
655815420
480602178
726889548
609774000
229892292
466345728
437489754
300260136
758198220
427875210
381291234
753041898
138039240
211197744
198355872
375113268
317503074
420571764
570639816
797922360
376170660
91363818
469956474
684129276
579574512
383622798
143359920
241610850
344821152
304471182
477205440
578811312
603924984
597955842
493312464
796998852
241272360
485494074
264408432
798674940
199525680
405598590
680835636
738424806
563740626
769304982
342237318
228252138
537904458
794370528
189948552
463314924
237253050
289831878
602047908
244278672
380844438
406371150
410974710
633179346
570782382
290156688
135513378
202190328
566202030
428213778
728241360
497339880
727969068
730371588
272531376
318214284
593195790
579619680
541991034
249842646
607475880
341303118
345033156
198031680
649991460
113867496
309058572
398534850
299581722
460927230
307691004
140668050
632833830
214071144
604876410
479200386
550217634
207682830
674362338
751670640
317273754
306752688
411435360
514524300
267477210
262890342
237212682
249364356
381209250
223115832
547197744
223521426
652265190
234105156
752902704
605042250
321825336
675430650
744681894
435974574
38851764
401483316
599429250
365744322
600203400
222327804
183535170
244821960
349166268
368891442
809971122
244052910
569052162
136378458
93600594
155411460
138930120
568386000
333087300
451276080
463670802
586468350
246594054
272727546
739425918
201552408
669376044
485333520
267393906
340987680
750659286
217846920
565962300
307907226
229949124
207744030
205514010
172645500
276546240
486483462
421580484
738444348
289262736
614419680
604562130
820211274
355446876
352299870
485251740
306858924
357571626
242403252
44837280
43208970
383695056
771820380
453313134
372792642
82288218
571642836
589451982
384995160
639938736
105783510
497614650
517041714
715600998
258988422
245426274
643893372
312124788
753417072
457758840
359903808
496043010
632450250
447478290
311931150
400578762
681491070
661455342
534362892
566179074
779100522
563815482
591840786
480472380
336176598
109059696
228007980
481610682
214602408
226006524
580904478
302766462
420655050
289730004
221107722
534834720
649883502
152118672
291555006
278641950
226366014
618397644
252134064
241637100
677806320
242702712
358605630
281348730
796931238
319244040
237287016
214840332
605044572
747096336
619231200
428441376
463791150
273697470
203575158
368200170
644237712
229749624
358449012
161492166
614039400
441152280
792069624
271830240
625886352
149090340
392026470
776269788
390095640
693121950
223169820
326427894
171411180
564997680
302465394
568549674
491187180
630061350
617111700
558820746
327458250
202720284
184579002
757495710
434424264
684130608
340332048
275779602
411776322
250645098
132041340
531553536
563212890
203385450
442556478
224214054
569371920
217956102
369607446
672111240
443547702
634564662
175896774
732189480
226896600
677768112
616153746
503831916
516888750
338342004
290436894
596065482
578981118
363662100
529398756
165388170
206635260
306256488
518632506
501110598
361668198
286085808
497084262
574388010
508613880
399995550
532011900
421456134
593135712
220829760
554196216
329391798
304831752
581303520
463923570
467351196
392533350
445399272
193492152
782314806
666883434
660851412
622081020
321803034
484428438
597007908
754394502
710537268
318292500
379001400
394501032
611001468
197968980
474159702
753288630
306334350
467367978
198030210
748217064
761086698
276023322
293380674
445519944
387708300
111509970
600514866
457551108
590720778
748043358
383919984
93969090
426366534
355636008
460914150
643835628
334651014
405241944
498405600
102594744
241501884
613024050
655249896
461684880
606428856
420017394
353007396
660041310
203041380
716924958
351635310
414151326
631722312
235401792
240471198
62707140
246034344
427341054
172696860
659823600
203716644
268192386
243419862
626135562
191365416
366569280
597829662
251356494
182895102
253626918
202341192
409276296
706697202
696920106
117472032
387322452
602533086
401209890
686871360
653424894
174687858
178730910
591304662
488367126
316262490
251500206
560182950
254334900
310726134
215224416
232409496
341529762
680583420
376133310
392445972
654594684
600145770
599968488
385124640
529251624
477254682
817649040
288214986
198378126
439819380
545537388
630336390
607769040
462038256
714096876
323647338
729255930
275321910
297809400
236765100
434277522
303968466
467748330
158543280
317846844
619150806
123323880
581302890
157130082
273759750
110014038
258863508
489568950
402170886
304693890
635785500
678532050
456011286
252549030
287870148
242131698
718250454
428870700
517929966
613804158
193665654
153400896
778244028
529652358
308580840
599034270
277234080
176939700
312519414
623095800
750255372
297823746
246825642
164704050
22323870
624909120
428145300
633110400
331082790
312449274
249516420
389560032
195357204
361010268
459756720
222844188
399564396
433409712
107581638
452381490
344136234
482613588
295058340
644037708
288251208
710679762
651070794
182414124
667628370
509311194
380693700
436440018
739439910
176090616
528594066
34817850
374580540
403551810
272725686
201740544
386583300
127032840
206165262
75701556
580193766
509849910
479832648
396607764
280242144
494043414
724904004
452835126
429045240
287074314
153607602
534110274
609427962
414977472
279373878
674479512
711884112
689707788
261341544
722376468
535578846
97360218
496906158
333038034
171361674
825589908
799446360
338589510
305807670
424503000
412859382
57539214
303780690
734471220
222827670
650788992
347080230
666725328
285381414
332636076
546989010
234092448
327393750
632369712
342474600
459502218
276795372
170301450
192853710
177121944
219622986
413271186
84567570
376506750
284080734
68901750
416999352
626874846
175537404
164133054
221165970
298628964
270894756
767732160
452842362
125464626
391313160
513775350
505055172
694252650
390321558
431482752
658049700
387384228
626573736
175178250
453287790
440463360
327210312
642454344
722998602
174505902
232652898
170724996
431525766
591284970
279879474
397127418
577813014
761026266
175485492
466896930
486925254
306524400
494623560
199267584
180306132
350475750
362477250
664944930
212755380
76088502
486133758
167748120
590221398
445470678
492912306
565931280
291822714
241664682
453781524
128810520
387675540
296380512
210852492
399074076
450700272
432256662
422200350
628426188
280994616
106699572
648485838
232371846
733759578
683354058
315485370
736755480
659592414
351163470
315008988
207843870
694354086
268176984
349560276
478745568
314394150
655873506
217485870
278570340
765442338
247178952
479489118
242215398
537223122
241561440
697095306
368763906
423869160
536827434
242233596
39148170
180176634
405015000
537223428
97566300
735621408
299218536
384907950
705075216
539859600
263078838
423000534
150424200
629104224
371174100
563916108
658054656
529099176
452957310
687164610
535947336
250217280
714379386
343067670
430551630
400227720
62140554
592604652
739642560
417328092
550390218
61529700
533521500
317007900
429377130
675389862
177237918
224584800
479245536
347829108
247956258
656413860
377191230
327415740
195795558
335514312
484183842
671163150
210834726
687396486
198952026
735606102
718094832
494797602
580579062
103681170
777035718
156337572
253667460
416196900
315655542
670496262
570356820
721729680
314498586
487856808
593894406
223516620
747904842
372730050
707580900
59383440
199116450
546163002
403972542
221847420
218803392
104856990
438859746
587367252
356495700
595297824
672548244
254012880
440300952
447882714
392791536
729920604
229184190
616764870
359447220
268786026
423286110
431311500
168532188
101641590
611952072
202317048
429076008
324934668
110396772
348869562
486306750
386850342
157524588
673855254
227538726
484671276
230652396
539247588
313647420
647676738
472401600
360545952
181043442
244663464
172849680
332134500
219288084
222666744
325633950
727869564
513358698
121727970
459496530
728635650
796479222
236809266
532266768
219057300
144926820
448049250
431258700
540996984
178928028
215051958
375154590
726528120
625953300
368710182
571712418
679504320
559332696
355856322
234470592
745824768
299883516
584547522
617947974
593918376
13572528
477214974
600475590
725949042
360663858
310750902
362998800
84991440
518200254
355784124
206270076
345285990
657398364
539904990
360610650
228380256
587964684
681198000
439715574
736312746
729141318
334304814
142942740
739364340
325907712
215656422
323652186
394453422
409336416
328881546
300344010
259437444
594212562
379196010
291564318
323300274
388346004
660813540
179210754
666456828
476944860
544951044
425646972
264359952
315119280
254989242
712196772
284544576
220675284
227222268
334484454
261771588
290995950
232525890
144202092
243652194
221766552
753080352
313782744
541937088
770320728
474462498
439799544
398054076
85483608
559436550
493106886
160352550
682518312
375885708
590532030
684928062
426991092
671457636
445214490
128745318
218081682
419534640
626229234
467330346
732248172
669078990
639370800
441934890
605467746
196821750
118921986
447944220
164790402
546815880
645558018
558509754
659794098
500093946
403980180
306161148
442468152
458066994
556798302
367141866
141649662
435118068
76832328
343533264
600253500
251932590
537269412
247230540
542553984
337125474
214468338
693742710
99423378
421693734
223032966
136438416
341642760
144834750
657020520
135149280
391571370
569140704
595604340
546846432
367188948
243588000
308144970
286422150
272990310
296053470
491345190
376052028
621364734
447635568
196195608
735705936
727141020
218119188
448209780
470602398
702855648
685579122
99316584
566106450
624200256
234286962
472599582
599153910
174362250
675839862
238709754
186599160
409331322
724668282
306112032
617554188
749899290
93378108
112199346
643614510
384701310
406273554
202472244
504549120
220597674
367214964
296301180
215729514
571008438
684935964
394159500
157690890
535772286
647818236
36879150
61216602
303437988
462422844
417055554
141361752
111145032
556104690
284432850
141119628
445444542
650751636
561235014
159881094
554210370
504871530
228068778
404030790
370048008
644034438
450125082
460107180
256469760
438486486
688997760
260803872
584179308
69850338
511244130
228590838
558887874
493826310
576474204
492133338
448264656
474917982
470254860
807029766
472414350
410563764
218405376
589254600
256175850
368398836
328797630
528301356
592920060
376456056
344776458
208915146
471825594
447370416
756054000
602496294
363112518
604738566
142260354
493251660
353472972
228324744
171253500
111233448
779525472
348730380
780702528
267767838
337563726
591390696
676419354
269181096
315029676
578165616
598138932
503116920
399240132
345725358
645150000
475819062
382525884
346515624
709481646
299681370
458502246
63619788
344770320
48155796
314404200
592931340
359293158
118682256
181209114
238990014
442261800
450055782
180109710
591872070
503434350
700054758
304614132
577289250
396162084
720530580
278005338
388864254
368891670
435177990
215223600
189488406
566047062
48557142
437837862
345877896
182558772
564936066
149345352
683267838
431487810
194898360
637339998
297061422
265803780
378609252
359432304
244766340
689981688
184412670
308261538
456158382
240428874
348796278
207644652
249677880
431949198
745692228
81901800
643448562
58545198
649239894
597154950
796002822
223581978
434022264
234960624
277963236
632377860
211358754
169238028
361030122
291142890
238758294
77662080
364160478
386723556
259860822
290230596
550811940
78739080
507489840
35560656
224852160
361031274
487001322
379994340
135867228
253575846
750114846
624469320
429526260
520021950
152283624
443062020
356945100
528079080
476049666
598975560
335808900
736070400
283209084
618109134
194159922
348430320
503033346
800402454
371815170
324818802
732353556
715968000
483910788
36585120
387455364
792084348
488897610
237751752
696921354
484291584
624992148
406895436
422532450
157640514
69575058
522015678
508493310
135335412
571686498
296173824
209351430
718190322
209449950
691251420
773222286
180962874
153359028
195688020
407333700
101188374
213227736
286289856
423571380
402075756
557260980
246054336
157081896
249952500
450151434
354511098
341307636
621665310
249202260
430225710
663679434
233178816
487561272
449159478
742426278
214113618
231172620
26565966
404979912
516824388
392697240
260941716
168353100
398281596
765117522
461867952
85796172
321928200
648270180
389046432
598277250
443521572
356982330
73430874
176249970
133912836
246338496
583552512
535321116
331380000
620675316
348589566
513153738
266384574
467649762
229820490
631190358
444932640
382961154
24849510
811881000
601857498
261345498
281708118
230525262
216324420
322311786
610898112
211635732
434964132
591542238
561950010
728397534
322970832
521741940
751414710
194763726
486868788
244367208
445610970
328164552
546441660
733218336
465579318
745512930
815288058
384232284
244183326
397655304
455139072
155505024
282443274
430648218
286748946
233574642
238413798
468964974
363358710
712664106
367660620
242257500
661753050
472111308
465558060
289774446
296618946
458477220
606256890
418532646
758274102
701094960
546741264
443622426
192262302
205191300
314818200
312543660
558645048
619371498
113129016
88534878
761499504
296632878
702692598
94107396
710010522
622687146
480418110
107379774
817079742
427530660
154207314
321761052
274791300
493178706
361692972
303764250
228294618
479764566
403433730
517327164
488947158
591241734
532089774
640005600
443880072
410144754
242777184
505627380
180379710
404844300
347170740
298752894
190664370
320961258
182535498
159343830
806670468
377400564
205381800
563122980
263501964
149402706
391116048
474873504
132170808
56356938
570476424
534106314
705363246
259385790
478935708
357480522
400339170
360593748
290645634
572673504
568379250
462179952
703778400
433342080
269122650
285984438
480546252
770933250
270674580
236231160
351878400
115249878
724660560
357782934
201344484
434466504
597390360
94040310
795363450
343876590
433008006
291375738
825437862
727223868
249225654
466796700
370734588
379246308
109980618
523400340
573005556
169395516
568443750
415305240
554699112
228178380
380372454
395592984
70272288
268852548
288808002
258571530
528476130
457716744
626771772
702099060
117734418
257105058
203905422
437624166
729828396
222074964
230719146
308598120
731520900
611816022
238628268
464137950
351391152
394386690
217429350
203816292
712412226
204914556
417493320
558769158
377597514
101263320
366028002
256466028
183145428
232404696
141310620
266773962
578346120
130455612
233078040
620998740
501950850
772729650
692046270
133661136
308545590
596175294
321963540
287267238
196752810
69353556
540822312
676700850
115394274
459803388
190750590
521564790
629987748
418375680
239234652
325614816
260592120
437868180
272609784
351771300
671529480
377429526
826503816
45910080
320353650
788369640
381874350
302215446
254038050
342680976
239805360
555877110
679391664
142006284
475111362
143692296
102336216
634870404
402734250
299715570
249109650
564030540
120324282
308067516
490447950
465889050
711464496
308045868
143592246
443378448
116906292
207421092
105909048
579657510
263005992
331524726
357701250
340082028
232188264
776423790
163394910
745102512
516501846
327761052
428163756
194018310
509998464
504390888
553419120
244370280
293754210
698804790
59416380
467448150
473509386
397303470
96072750
239616258
295777878
258451830
770837220
664874700
84675234
268320672
319835922
715361922
463609386
359472960
434853210
562070826
716075100
332640540
323547666
390226386
623755860
740417688
455442750
522790092
207605106
579050916
300619494
204267294
310549110
146302272
293459760
262983726
778417836
195532152
213347586
545154126
622312950
505949766
490305858
260416506
776264850
550330140
628113180
727940850
656113698
644726712
470413320
648665820
518636580
381878910
669147948
229445034
421345350
733869138
656339040
200596236
252457296
646381434
348410124
237635190
219814992
446734002
71961834
283491000
158373960
606542832
320348358
653455980
549985446
488627100
257414520
248736222
575734002
281988168
438401832
331620354
656844270
641788836
328174308
230303250
510630666
352083228
587146890
586180206
31792230
277211826
597009672
247849938
250399422
488566236
351057186
720007686
584985360
569738646
577242546
512937306
790013640
443774052
264979890
236945094
502636932
225505530
808891110
580288830
799557642
460288182
629511948
231499566
178933908
432327780
222635220
265003200
228984060
319760244
308354910
304935354
215369700
222017796
246508680
156736008
183679650
345996090
285116478
558536742
495392142
630385020
309742290
127817064
445085874
366813486
132461298
326058810
225646680
333514770
414360306
749079360
173798910
671340750
365912550
725224500
604187220
454259130
428460228
750376800
218222418
531821010
182642424
506919024
42923034
275435070
386930676
355770186
396495768
297722628
240518796
354876780
214674180
358545300
805214376
767444670
652699716
611874150
259634130
425232780
192525630
492552060
242589942
373310382
112278546
814596282
351134334
245613912
419666370
289016694
511626420
498001284
83032254
390334554
137146896
478604808
403481988
431188680
512949996
663410502
364150338
506262852
147975072
362375370
606992820
436665150
402931800
621270384
698150664
480784110
328191318
253640286
540994440
172252668
236640174
382739988
188184876
604337742
660151650
538277970
233662728
418948218
594195210
394546896
579561066
200286270
169037052
416261874
232752630
706462290
255966636
16217892
251701200
581647026
620271210
715753698
184538754
643395540
277955730
391358136
196040610
515653860
290996748
310412466
410667144
260954586
353379180
762122268
186425064
502983324
238065174
491195520
274923744
262245552
274553766
638800440
664470576
248941200
147102480
758720484
176439366
174822942
588666150
345851946
142844958
229775778
581226606
295990944
535359522
520666272
431452602
660373770
565654002
481031604
385676772
420084306
268499190
267298080
370762992
155199738
240404058
364385094
408806388
153533820
600635640
592802946
669129840
135026172
427193820
65708874
548566524
696288600
519022410
459870372
208529322
475291962
723710604
475045050
387096840
625402530
619563126
405471726
583787490
425328696
783452400
673981680
174195468
759616974
322675740
329113476
591790200
163971900
310066308
256543776
198058500
140180064
485402544
141626556
398287692
612528048
675484392
456167712
380840328
418934724
785814222
260577468
175731270
667625928
532599534
341575686
450479970
71811636
305001450
499299630
322887618
636565842
272017548
660950340
369029808
114394194
278584470
126771876
803397630
279080190
379946430
538471860
365474208
190812732
289167546
692301762
704218788
356778630
372712632
193082934
385938300
440649126
297807180
341487360
152061840
480341016
728697684
512477748
193964808
639567036
784950300
159150096
306927804
232014474
310501242
254806374
370697256
400762134
295648236
603409380
330172590
228128100
328570260
771393354
569653818
790424622
261402174
788054868
445091304
427332168
296837754
319796370
267213474
66762090
713373012
338215422
543040884
300436668
345843432
722280714
479996088
97346946
565263300
369154728
131591148
466548984
243062406
242476290
248965452
415813608
311540214
537582798
229670250
558069570
364961700
289277184
586225860
441125724
425680368
150012930
674253612
549566388
625621950
496868328
245619990
259231896
531725064
284344284
196954362
652111110
576812970
357569574
243947340
221956182
231084774
395466180
641974908
650419308
332942868
669565764
598495824
598704450
583546170
642097038
235648116
786566610
673460514
520800162
194413530
420593664
712969992
71487486
720867738
509263872
222279120
448656180
254941668
420449502
138959772
317460924
264490590
226402116
206025876
395431722
326220138
393457254
745533720
302959920
336000600
200700192
354581052
449008560
194192730
324159420
596638410
635764266
437539074
661871910
672491832
308281350
283428408
428987610
672973356
677113488
215007612
603129978
402016698
389768322
564945888
271377756
700540950
521690670
196174386
132259200
251026290
389770206
384954066
195828300
142405866
666040518
223205484
215748990
316936512
299356506
206663730
397885878
90291330
571112142
331368018
484377330
616587630
217607850
325598040
331286514
258653538
451330836
264196482
312146340
309727206
269821152
427162500
568015266
393168600
645578100
291030564
282711546
592998498
544521312
447069492
196611810
188789334
275801292
176409198
58546476
312858756
726038316
365013744
545858040
315783738
637041780
405561036
501336216
243744930
229613622
157059018
799392930
327024648
658093500
555419304
236619198
434992518
766554750
698074818
481194114
293190672
732919950
115889922
764602074
234524574
266002476
198491040
530729622
769456152
75906768
254777940
343358658
24369438
458300160
806969520
224635284
469680378
743717700
509298444
594240570
336447144
161567712
535967256
694343520
563972262
771318702
336017010
384500568
725208330
433515132
307397970
252851844
565359270
272104950
328778274
674433672
330737424
605786274
202278432
623175756
243558930
466505550
272547450
348134598
244953450
575533980
396694200
593413086
402032826
186082560
343404828
210187170
359158716
709443750
318939390
520147224
278273394
537931560
438921558
501712002
440512560
515706912
578529798
678770334
629712468
658076880
294263676
284661720
553460634
207407514
807320754
655005330
744001020
771081534
516426318
548785542
537927390
378881280
144923130
504512886
423823170
302029200
154310058
355243578
703104054
700274850
493806840
453490002
275073120
364299336
544662150
659862450
27350910
305132982
293989200
387400020
527122890
538090872
514322568
308455470
297192210
137148312
556965708
241261830
571402872
733849350
363744186
118951368
766436958
221384892
770709132
617156010
567925728
325070382
387921474
581449068
165172764
215656284
724916316
550306110
376037694
584654550
651026610
671558496
250347420
653857434
493180032
386528610
159285672
333776508
595355466
414268614
615753090
595053900
42076818
343846620
595901256
677552148
615764076
736172388
378310542
575762220
484266426
235162920
376423740
404711154
114982500
292197474
513353106
440542962
446945562
284380236
384460482
337458732
462577680
742790022
262963344
528804090
646073478
209545128
187097850
145353108
71482836
302781648
717782364
656360226
472672836
504989016
610940322
399583950
789378534
330285600
303566622
648978210
651250314
157509360
248568534
335459022
140041572
106842672
757793898
304205130
189480612
745179000
518072274
418879680
474500442
376508094
799745562
385211892
656471376
614398260
129881598
567398946
294712596
656841666
274674792
518122590
357460938
478914048
485259060
459901098
274278078
211364712
326955870
347862438
462491034
320469876
481906740
532231026
249748740
301244670
349638354
62445696
400279518
758632014
346218444
756415932
174779550
354434658
533719026
220566060
160520064
473868126
22321818
584931270
793909860
398497932
400662570
490382112
29316600
271144788
772148370
414038226
550364724
619931250
311556546
382182786
400580640
425579700
300351576
216244578
525199050
627526680
725880714
678970236
213868590
479602410
422151750
724419222
416933352
361756260
645673842
790578246
594085680
202873248
433481454
335036250
395259600
434795382
426245610
496901448
201707940
231617598
116970594
652430478
269599560
695649084
367835940
669901530
49994730
370021122
640477656
396677136
433269810
242990808
569847360
360511890
572761374
267068550
721825164
519658650
298470138
264617262
424068318
752421762
682456104
786733050
334232886
333822684
413614500
475623150
512752032
767533032
628849500
360042690
192607704
391955004
165233298
71847900
572814882
723208968
447253128
522375420
242546508
396438186
579293280
653540076
552144318
541577520
580302288
230232426
420339804
604456848
152869068
297155142
422751720
176334060
212225190
558176304
334003488
675979152
655003404
275367906
226057608
551389800
266142576
562532880
273658662
383095170
264201552
220489602
601776366
296904474
426120594
57492960
379238160
375793020
396323532
487024434
702132090
232629696
354085146
590066646
551235672
605758608
392694720
316835766
528228348
350419872
276610638
557111520
333881100
471547086
387226374
370406502
558142410
775824528
335387976
175700940
819129360
618491430
582005766
659932182
492621750
593781426
55498638
409173030
396265752
577664334
201146670
680308104
309622596
643618404
230022630
502215618
645515640
247111326
521921184
621866376
208227186
317231460
350145822
514490550
215383440
325404432
563966208
485935800
348016782
568828854
141772518
142655646
815257584
703508940
389351970
84164262
303567570
539833734
690425868
125219574
647078418
503502372
428848854
288041394
653146410
430783284
254894058
321436590
413849802
126596568
655705638
664841382
548086770
791661240
472525386
335117082
490105836
469187082
644430468
445099950
219052746
456982794
225833778
515321190
552481260
396847680
235772832
226683612
500247540
536899308
552586476
264598200
588348852
183415956
176187990
422263044
479116806
579945450
576673236
360261858
811055712
783006426
538127898
792197370
446363628
240064500
676119060
213104034
426133830
698826414
210135744
410884908
734249124
386962500
134859630
731929170
579545070
257859126
694209132
339855336
7158672
426491856
124486014
354784536
203325858
245779338
282033954
188695836
312106554
454702338
673944960
197487150
200261124
540246510
405728250
349610586
600084810
715844220
726163416
321881880
214418178
273106002
569068776
288792474
174082770
385899594
161035842
494551794
421202496
457535304
645892056
529014636
280236804
385986708
592625838
302819868
90599652
357460272
397176000
796969278
106294824
385885380
137151378
543393120
661230810
53093880
251709084
367340382
340128690
703602900
710556420
394950270
274143870
333519714
368097696
217174386
353409444
366076860
546460740
638184528
396696438
217772676
270546648
233382528
473253882
524474838
417435408
535911354
335516958
502951140
394615476
642808488
612884646
522681012
388428450
682617720
257708268
52926660
341950752
734200542
548041710
265337616
458877186
446157180
371771190
651865110
433575090
539246658
515308890
103638420
257383386
157705140
611515980
488857194
705187596
318656352
552211686
272189658
641040822
52516218
239192568
173244834
410028390
433964754
644969610
473808960
682282674
536869320
245865660
662045922
338002656
313222770
300267450
304013142
642008304
498627888
401052750
265558734
504622470
431571330
445875444
625906740
235046898
383700654
659632356
160731804
482375184
687210420
285371730
644820462
179100666
283839768
369251454
175248900
644311800
752439534
700600026
418670910
230828184
202959282
209522808
383074920
614870514
148625250
499451160
322279398
701527500
73107930
150855822
608798058
453042450
533050518
216714786
401955684
249654840
187259220
632969328
487197300
542889498
495043488
363978054
568523406
143421942
224174652
121658040
504506394
606396060
408843990
445612728
707704464
319116798
154338240
628611090
440494650
418612806
181307160
161377260
523360026
192559248
278285028
228705774
286812600
484259490
277076916
683941590
203126850
271506708
615732348
438582978
607334550
205619358
541681254
476265186
744714270
600844200
230956488
777027192
270855900
89930028
433564692
379909950
145146960
212219100
542874600
414200076
254075838
394810992
462551430
567924504
381520554
333604950
461969790
149604570
408241152
759985512
467885520
699508104
293404356
270641250
387845418
246610080
770744028
282665262
688348278
743260098
670347558
195133650
601542786
227514312
219506040
207116910
169740978
257405160
204274638
306673794
371666850
363660012
629979450
659410902
31754310
61715304
736804806
633983976
385197198
354286200
510269058
186978312
284913360
763089318
181993878
368233062
341232264
106868988
549632772
279813528
328369980
464411772
770468400
372350790
251884440
143686818
343204440
721119954
702267552
542512800
500189976
258905304
637106004
61135650
537036228
353109888
454410222
256043658
770070672
95750532
397740924
315481962
277440996
319951170
344295510
123899544
613659024
426730152
283575642
395768568
434820300
246663480
355182462
218088852
569048706
398275038
667338474
329551530
74229480
358049664
548051652
268961448
238593438
702035838
512841672
596891100
567881874
280845084
566820996
269238474
151224264
411510000
393202530
232118172
275790522
526438998
321327720
456838158
436736016
262963350
763318500
25934430
651014052
785634234
207872940
341143860
774471738
173378634
370794942
223714836
578841552
559773180
256422576
262159416
150567666
281911500
287149848
641413332
90234540
367757640
569584374
733727160
634320336
464171136
617409162
470407434
411874902
279443160
360653436
129015954
209873430
311179050
213333072
318446316
474414444
587855232
371898870
380940690
123330030
325687470
178387758
349368558
526014090
203812290
440729910
545351670
593122410
598156950
589887900
585620622
723377658
312619950
331821540
696042138
617534892
335459676
303060450
220291278
240296112
233761464
558049230
222923724
25478940
261924804
207597600
771167736
698931030
231813870
490819614
236031030
480162870
241754940
257534802
89894640
137425860
207390480
142369500
83960424
341936070
585824910
331486740
335163342
758036772
394095456
342024840
231776622
174354780
153453690
756303714
669508434
416569032
409844682
129616080
154315710
750787950
416852502
191025780
607519482
337122072
374616600
650799678
265447728
793911492
658092360
429331800
620868330
685495818
617360682
657815292
179618544
631457970
632730780
218572782
212512950
284480694
570037104
308410356
353327160
514052820
373608426
228609030
95805450
108443718
659170392
321173880
682383372
314346240
170308644
603055638
159655374
275559252
587115606
212382918
144042876
235883922
154416780
259938270
372789450
325411380
204923664
269003898
632923668
526402716
347324598
545281122
264243750
623246760
699909030
731403222
63368112
113417850
651764388
431952066
161082018
232060530
569375364
128183190
704397954
107541306
734056812
365543982
100731420
367860570
552455778
737470656
663435774
141244938
251282970
90119760
347691582
449106888
275835834
510092130
432633276
616343448
329401170
442580268
380173110
197193414
221134032
340776294
499349286
366830910
662418708
609905898
486429900
324197976
193043088
130927608
576951984
707552664
252163152
308853660
434504790
657859374
331530156
791310450
447325416
617692686
237742992
617693022
430951950
362009592
525155976
579512154
389683998
701969730
579960570
170967738
674677740
599826546
386386536
217556724
516682614
160557570
403204392
250900632
244416420
459211986
491252064
819187092
663980004
239181690
34852806
262098432
353729298
514315230
332518824
677852550
232276842
606682476
252933660
557338716
190886850
794168700
791275806
696283380
634547118
375982212
634848840
609975756
622305672
644560602
670369014
438643350
717747138
385872402
449335638
422680230
262494630
384448422
588753036
497151438
240307200
328593180
580324500
245259600
599128062
287551470
328967100
228214650
249286770
177734088
481740078
157162698
450989328
690460848
522449634
674053380
505090740
508671450
180789216
258917496
714561120
614468250
287541750
797404434
475555782
347453922
456491358
702792216
216845634
350400504
557984856
196879872
254136264
428944374
504756960
301794666
344537676
258111630
241650330
684506676
275145840
180962106
749796300
284779440
345663396
180895506
737899416
277671510
159564108
224856906
261092430
490863480
704947320
446526174
367688646
634749060
125814960
94056624
564036036
535889250
555117270
666013194
699369216
517794732
135030378
577881432
584503032
150078210
287424648
383960700
221676150
315970830
558135906
485342832
310267056
703213350
611918850
512805906
216731190
495837810
634693176
384307182
675668988
251838606
87428970
185993820
122652000
320677110
266284512
316815228
402054600
124914438
248594766
172904742
177055650
341132472
201631194
719887038
599882616
478471680
551101500
783731262
486636696
740794002
801131526
568069596
335322288
789815400
464932350
288209010
619833600
359393700
337706892
712285560
685331730
524891184
699187278
357143436
698095830
503681640
320499594
328091226
770805330
269020008
223751268
773727660
659319396
550848348
713831454
292041810
616958496
452580660
76732644
56890260
719645760
196683228
515903664
257786400
228006936
446359116
809304228
107392752
261549054
475440336
623214210
593146092
553900200
448542558
564287400
483021912
88747368
218032692
506433690
301505718
429683886
519642630
196837560
689083200
236282772
161939982
158253636
701495676
407694384
440818716
169733886
658917552
327840810
411066738
94550130
538896852
424682814
242196672
527517162
331385418
336418134
731510994
480143832
238169130
808758402
383178450
306178428
700725816
215912310
253938240
532555800
484902900
780092568
367669680
213313122
233053068
168857568
180069576
471004800
290035200
699604074
419448774
412463172
136218600
279123408
662859180
571966890
473916696
200340492
174766338
499431750
574789050
559053468
617733354
801658008
807384516
574846950
422474634
279197010
67151070
207969732
234635250
261051048
80704668
280279374
346052070
809851854
338681250
530169150
156173424
772138188
517766340
676076814
242528094
216074670
662100624
515673486
617108184
586900908
442207428
103227750
584962560
685552098
413012196
170263104
812721024
373071270
694147050
265780368
505382784
238247604
396810402
418404102
491635326
353868210
235087860
125218002
698499642
265346172
190098810
386060220
475894722
392611242
296796786
521423700
293045760
308640324
568658730
303090606
85713912
632613300
378826572
434169078
743804082
760701516
215867820
579244194
645857262
401081160
658762050
315186228
776445882
337323294
295207200
662876100
418743864
133402356
759494190
693690030
586646928
203926404
552958620
635528970
398430150
169506750
506270982
279843234
143935260
317946234
637086390
435164430
21540852
357287220
558300078
160580250
523997760
585133968
110826450
338363190
684051588
783380202
222392358
258585054
330130500
106142442
536074854
296907912
637150086
714465750
579883044
602064000
271662810
240085080
571394850
513374694
354275490
273788604
814569048
690065550
421858926
420819750
224783442
444424266
367019748
637363326
170281386
733223946
744744210
600237330
239945388
633334680
451958130
731086350
737663430
621966282
175383978
241563630
238127292
323172090
475068918
64974078
237145662
248126814
672855498
281697438
552273510
228129564
293803734
771337080
221593086
434959308
289723770
447265842
374799204
696194220
617950782
728702952
702564210
189083412
775786752
172544844
254847492
421853388
322910874
343687002
179219610
648055980
219125718
706757340
778706364
237710106
406701810
705549456
190641528
603512100
105905226
322232220
420326802
173377140
511950060
212074260
111989880
52716846
533067486
698129796
443458668
209288520
437463096
294351246
663187770
556775868
317396568
461825760
409885410
218154420
82726110
28233666
624889332
566484204
84434724
526472232
166273800
348570720
138797580
462764250
603473598
542482164
755124786
392901750
347118858
460227300
357623550
593667360
27768480
224679480
194888700
713078832
68608386
275677818
736912566
124248042
370632114
106852482
603645534
819838494
196997922
791144334
169475676
44901480
747265974
570079242
36765432
527962344
321909822
515467890
152095746
179343780
200775000
543847926
250125810
815504268
484565910
50516550
692606196
103746150
295492920
120413982
435545886
247437894
446735940
544605282
181602486
683417550
184848522
234353070
426712146
198879798
623443932
320763498
218339982
594053514
336231654
590330052
253766484
441959100
433834926
342892152
365193402
607533918
370468374
666909102
379363734
380904150
630179352
449896104
619971210
505182156
603514548
403049988
389489580
389055150
455867346
686886420
812640600
350968050
213382374
190048194
264347892
671948220
92646774
312136470
82765998
588894840
367432242
355865064
231228408
547091064
568406052
530633760
375443838
381262560
783998460
382698480
285235590
280173900
788730768
384936570
172871424
426127380
372197430
439486740
554269590
544771854
432121674
502497390
821696190
222103992
461289414
245342880
311559330
443283012
286772886
413112942
331317900
191442156
433957134
793299840
330583650
489529416
735615762
309776718
439734750
744942366
603248700
365764932
373863522
366336738
662661270
579598224
739145250
430096458
407801790
220024272
617256558
439838940
414743790
558913404
466598142
794403894
733344492
76110000
201255348
257127810
685552140
499286646
447005880
233958744
527388108
809413758
437694192
386174304
634987668
648472104
531330030
128754648
336658590
220032540
662706264
254224614
284252712
649306692
466677288
545324652
695256282
451955034
483652290
356032806
650357532
692599050
443820420
770827842
401500350
224894598
270398106
649223820
698534544
575156274
272374326
289933236
625790880
290375328
449637726
90099810
400301154
198581832
77093940
200255778
790749618
526736754
265954848
227416434
594767304
98827386
481642902
420619446
545663430
559974738
144677718
456025398
654962490
369015588
261395670
356979678
634009914
305600196
328514832
418992180
490272594
247742550
656708346
296007840
518809638
423088848
451596420
223215930
477392634
659149230
202874112
715834746
153799344
110839176
435165354
672365652
649691610
53958996
221863374
308855442
351292350
507967836
374077680
821896866
433435356
421909788
323801100
525114912
105529446
720036702
194826342
524234130
285926580
729998874
251165124
571886856
577869600
320766804
407929620
165145956
524184528
399875154
330125544
194791230
461066244
487791798
506029044
551689314
802899720
155750448
587371512
465639876
255927204
282440802
266847966
229959522
117850746
448120200
250538898
629002566
356231502
574257870
497666664
346453494
603518580
526491630
57274200
735385500
632432640
455277966
534246654
404371818
277124250
819788514
715418922
512495946
611020080
373681356
718069476
456593868
535437936
533577150
133525950
219995682
218806542
208738698
139227876
604163340
144616158
208855080
649232694
159505830
552148170
583918944
216049032
538674180
265573842
705748938
363295350
165621474
558363078
341523768
356826582
258192360
371664210
449651400
554101506
415043370
367601640
211586130
404241552
227475396
315532464
339882204
416758716
404825850
528569712
530402652
802389012
76975338
501669840
388042446
650126178
521582976
270218058
444385560
432157380
386716242
619623378
520668300
763839648
697083966
465127194
481095888
205920252
690688050
709462530
683369214
378222102
312286422
249491340
425950734
334730880
469655316
340268844
535738896
495469602
328502538
270973200
267427764
239275962
52954200
464211162
129314556
167229540
444770430
565518780
213532410
458017758
105289158
326904156
384266010
504664524
398730648
444047670
122533800
643968780
740506920
598229226
721853730
88981620
244668438
656901060
410647302
302891400
680581638
339759198
353728980
340212786
664334370
253249284
560244300
357752520
284306310
239693844
644339982
609370440
263181396
474842250
300740652
220598010
287112750
610431750
377182050
302621484
510156990
358510968
380147934
687991710
270273456
373631484
522248310
663259896
729734076
741009276
334462164
683932230
212587956
350681670
423036630
580880820
624862566
43900500
254156400
819927954
444788544
176745852
285684840
185045232
519904224
490229046
697709166
539395200
460315812
195090372
717977856
153284274
531899232
451638930
133943922
361388328
555348906
344382504
486005520
388131852
601864464
76875324
191133864
512309304
264729852
472287900
119952378
332852520
132976950
604527786
338507064
93262878
525027258
609067998
178129248
393187074
598698828
526636296
210968406
80703918
357524622
413641746
501837570
487580670
341404392
436551738
281647530
633688380
135969282
106228950
587488890
661148010
578332074
552210750
251496534
216283608
335729850
282254112
572583636
586687050
483105402
309868020
630880278
202876872
792912720
427005306
101816478
377527500
558076500
501882174
245105760
212779050
384342348
513090396
291015258
259149330
590787582
589162200
585929688
317454606
499804074
393734760
590113248
609502782
269460600
619597992
145324212
392465466
293155614
152382402
258836016
611172660
411241578
74228352
198669114
23294874
228502512
451632192
739886550
319590900
452079414
653555790
525486390
376674354
200507220
147811932
457313052
88837848
710211996
741091050
559004166
269013594
228345876
251950314
305516286
215537880
597401868
241345704
488726550
165178422
599649462
368044974
245203128
159323796
256604250
267776256
274233180
652912260
333096060
274669272
618027384
526194264
97973460
415411920
242121384
550120170
426011808
450463020
163684458
674378730
79762266
73174230
261850050
767462850
735312240
785211840
510408780
249452784
690302850
376669260
419638398
498445392
421923546
504597894
424464300
507832500
386213058
363123900
373029624
80626104
197489490
631713558
389145780
545172060
259795890
183436260
694901592
389771382
665888370
620144496
544918050
683327700
392874870
415454886
523646916
335589720
714576000
516271644
299452680
754362900
304518060
338982030
202305798
216915360
211557330
372100344
295676460
534263472
141403620
208051200
554200110
470673126
299631444
618794454
557281416
82946496
76088430
200391930
205456494
142177902
490453650
565318140
177720978
322806000
658413480
594487350
667721352
241640010
198445566
371911200
439368270
253790622
590264472
509355054
210378720
331047456
141325830
251596170
227935290
751672740
261387234
355165074
613335114
47693256
475032480
692924334
130460310
431741394
207192762
412691760
278632794
79241724
334380150
185614842
496022898
762318000
63961116
303217326
508688082
758462688
64944198
531691116
170746848
702019710
479974596
255926844
625306608
427637910
465325938
497860686
401921586
632960550
714671958
249262398
155698686
643726488
539466564
331718340
731334222
428976702
706712580
569404800
452540376
494770824
436870050
421941636
636132600
607095612
324173340
235813632
684430290
514422948
219267918
546478680
220167480
473321178
729740340
543058404
485680278
522907236
617605560
233878932
448931142
426523590
314451120
570685554
472758174
417911886
653186064
307104048
514793826
202585482
225261186
548210916
278930826
540542268
277203816
391010670
403147650
785807406
354208356
720654948
349591284
657691308
135085842
302288112
266349384
617839176
572491266
301953402
495197910
476753430
456510030
607041432
321596268
315413892
625918014
491704668
260850324
556913700
552222144
83661912
512947242
270981126
766405836
115509342
416737140
291314106
667948842
780312996
297428958
279301338
650030970
454830036
187359102
220796940
406804230
719745120
235665738
152130540
404596200
415224336
283500444
208474224
412444692
761078574
383231814
54071892
647458812
348845562
360662970
582038460
395007750
468734598
448234020
450819036
819671970
808735650
243322002
121373532
525412494
775557114
591478200
219217752
425082240
362830980
67674726
441512436
84276780
829052232
254345544
443244984
305849544
189967890
207386052
385720650
204393168
324968346
397384506
708264252
321898590
372338982
290919708
801407916
651022920
562769436
332411460
492951348
810187188
542813940
65134206
207472590
153138660
232485000
259923234
389206392
285203352
256051692
248932794
629053860
648440208
247199850
622468638
136955598
351278856
319499010
487506642
147342918
662420466
413670180
700193736
596271294
312153492
735847578
767039130
503983584
200320494
736306956
292635018
211593750
786428640
373509630
379352694
380146650
396804150
750608754
116280630
243405162
301725900
470556540
743845356
820821744
523560240
390445650
277290216
560492196
328242510
212039334
632179182
241940064
357153552
367426230
418613466
599141892
328821246
353786292
457297836
277253010
375842250
626271192
510873396
522613710
422031474
100859346
111187242
272798280
415092648
672916308
463515300
395935722
487723500
312106626
562111428
493584678
81565788
785003436
441354306
305524578
303205770
488059968
200426094
332517510
489937320
151106886
350492400
385626714
786431412
605132004
323755920
276783066
211928850
550870254
285082338
305052624
192666372
303694974
274977096
429452352
445252584
320011998
155058156
270952200
269497530
229466988
564873372
375499110
213785406
231838092
612062994
489526848
282359532
150678450
650507496
671812812
561134418
708092550
262765566
635699250
322270236
735490206
243053424
238715550
567861450
544357410
263064546
457491552
322334298
634348638
475274124
352783914
697007160
639939000
486444630
148511430
204638544
682674300
303697260
504128064
641323980
142503282
438635610
156864600
125697906
655177650
345689520
646649910
339928470
474219030
524709510
268250670
392280636
390339990
407043594
534987150
476633364
305626902
183107784
72614028
262772136
272536758
408605796
314475732
642805632
572452356
220484880
708937626
462545226
550846674
587325690
73344420
282401730
388097460
340125780
227913750
257911506
482871750
252061440
245806998
304958142
127330830
230640660
297247158
332457786
234896184
529275810
291242388
259011090
194950356
207209850
74152620
667447494
191966550
142699590
147070716
325061748
725350626
295951110
191330940
442176108
232480794
272206026
276844518
149692752
626457240
420345534
219181872
307685700
771249114
509844942
197934636
286118730
713382714
740963850
557554656
236575728
509327298
688439004
562083294
196019568
61205760
398756880
763708374
656850480
448838610
373479012
601235700
721928958
308587044
391390440
294386790
362727282
585352134
173057976
666057690
510899508
242152326
112763580
372437604
154936530
739387890
499720956
175698126
706846986
378873180
545392362
529879590
738539130
121066848
668738730
105824574
631614060
562872498
195507204
629759016
294953256
694159752
238110600
674113482
468613704
613257276
212265144
469201332
327511326
160541520
326738052
546420408
372458304
682037394
193369050
647549526
390529782
554365512
35508270
284686932
197339964
623379852
166660956
186341148
476391552
352162260
450158040
211053150
763398780
173663352
121072356
492590646
556380900
291810816
268948476
300592110
536940120
594322470
621335484
141155880
585219600
295549506
472988274
591498828
254945394
588635502
479868012
454683450
720122766
612595548
131082330
613102410
527360580
428869098
496062678
145329816
264113496
331105758
242699310
362163900
727509174
607733010
482851050
421807680
521695890
403383546
433844100
255068838
91546338
324560124
337980276
361190466
521853342
596699370
118061640
193912650
378455400
517366854
288382380
560919150
482250108
246513240
321523110
422636628
669923226
243730770
685264878
635240646
390452670
706914252
239892024
130422330
658842498
655019190
123888072
394643028
637663950
93932220
35351610
166275186
561911298
303774090
217943622
302914710
243614010
789039090
158682240
532980846
466457220
95194260
176138226
543793866
185511222
650985030
594096006
432821796
526105290
228600414
623170680
5321538
306369570
687427158
471807696
377685126
549056664
597444660
673998660
632451750
258479874
264862122
455824716
65587680
244961388
238915170
404096502
490969350
210307446
488550258
734059260
37165128
303375834
168387120
363733914
281198478
696894930
464666202
647521560
287891268
310930518
179768268
325416420
818077638
769142286
715252356
646569354
120850056
233719380
346406808
729113844
410525622
585625878
710887518
388923192
741687408
591668208
290747472
741598020
644399970
164906820
411451710
619099200
398434398
632319228
160395720
692742330
552522600
343117602
797868684
197025426
398253024
48742980
785973804
500047974
595154142
487777674
268441122
515641620
464879376
275141160
211082490
125261136
613467036
621490056
203237550
175096530
183496200
510215580
375342660
259959282
597095124
385610532
548680638
438020946
441034308
400653000
232793478
478602600
355467018
191347200
168282060
529325034
225921474
693884550
349557552
544919628
767146644
343136046
233525568
513242820
196536948
562091394
521690196
705021276
364077150
223465872
691143126
756141606
618820848
680814882
560832822
338701170
272202990
439317180
565607586
368777610
606170166
744453150
243173700
569424570
716327094
476399568
599918184
382685400
427043538
544429710
691822224
577977972
338505510
181126578
665716818
312937020
830538684
590982912
215842770
595867182
141833100
595156560
782674422
593282232
197595840
335355228
434103390
410112330
195533430
430836138
744016266
276405030
496308054
442688676
570402438
377940618
717691788
634866054
530527062
197076852
616997094
257026050
222741192
382589934
743092350
497593590
387151326
596731296
391489434
199906770
321783852
181039320
626885820
218498394
414233376
529262910
645228552
191653308
792599892
411401508
812311500
126683676
194725830
650533518
532978722
108476604
316133280
636142602
215981748
502713672
689801010
670290672
416756826
312207696
530794782
320293428
573918216
266248884
702574200
547817904
485178564
472322940
403564224
128026080
297855558
522726048
28827630
569409588
692792100
273875628
569436450
449811390
109536432
699077364
87947310
277259742
339744624
229385790
448323708
725609052
222472170
166047330
623531304
643591494
751100856
673498716
643500834
514186626
232883550
107642334
263559024
357074928
432133200
672889488
516717354
654015954
173508720
327200040
502262910
553351020
584048778
436987608
249256590
368829774
456748410
115320864
337977630
242128986
275731092
338101434
201971520
296608608
534502740
503074068
419994108
518518674
234304200
715425984
695812860
223405404
215110350
311597274
377827164
684142938
803713680
677653830
549692124
610960980
189458310
439844814
682335390
714725388
529108800
360884664
166230612
145044198
314444490
741522852
660330522
753619032
476244846
460858980
652848030
754270704
326303250
749821800
242641260
650660850
243067860
428519412
670732128
518836536
436563588
367622892
584642988
439531950
204502098
330326502
434167764
209927784
254160534
115493904
382097394
332072262
422137440
214878924
629535738
220502796
235617012
407544540
315998820
217642140
580606110
203562060
508589640
189659826
470460810
431216904
171409878
418832388
494299674
336287658
641204550
751805550
648281988
288169068
317360358
251219100
90929202
385946178
735348276
341630370
674752518
804618150
471737520
221652018
263877642
744043812
169974720
403040664
593905500
117330534
388468080
455700294
369724626
413871270
355662330
68319522
314084832
535482090
326057256
430111854
345406728
44456832
158110326
92721972
801316092
403027218
346412166
336510000
519684390
408327264
507141492
770965650
299059920
693707070
769782636
656691300
323495082
594441132
192208380
646777176
448734480
271057374
80444364
763376250
382995378
237270498
223237404
565879914
540560250
142519014
50916840
578921256
818228808
201792156
368727360
368241930
311609508
206722260
609205500
759720414
465808350
527741604
594249552
192390528
677151552
722526168
198119238
397911150
152844000
312793134
231457050
185639028
349327272
250646250
377995572
638656032
116996370
342515700
227423742
375362190
393047004
685507266
301891074
695620662
205245216
615785316
312777810
463440978
217648218
523436346
246874680
341963616
648734922
425036040
427553964
428397510
468963042
283377396
698038536
224561460
288942786
243639726
194939442
477034824
476061390
93504390
321637518
274411008
237665934
585921006
508610886
291508854
144683448
419515740
478373166
248918040
246764718
209714712
708185142
235740024
489291696
408025176
416850738
111611640
670577952
564440148
687237684
436932198
576052662
422592984
285194958
409027380
526954560
250566534
597376230
447731388
747893952
622312254
320360976
203536614
235366950
382424880
560604000
243054126
541207926
143424204
313031250
304091580
653532834
181554120
522536790
785823150
311858496
355689288
460492032
375459012
728250240
644170752
84117900
390511332
398788950
566082000
708560622
241581144
421699800
461350350
371842488
450238740
658617360
672788550
503588718
470866680
356764500
739306710
709794690
615487008
209448000
388397100
577433736
409311828
458679294
516458466
577844226
172950504
344732778
326475366
503809356
250941396
202403850
263529078
368879094
168169482
619841226
155693670
152905038
304221732
374000160
372759762
334719450
523791852
676752552
227250198
550379718
410825808
335714508
309993606
132837138
604313520
179111856
209444220
607433400
478248012
89913318
120055086
219883650
649002132
688517802
278297460
484786944
539034750
498598692
419229270
654022350
581456970
226234260
178907118
658502052
198301530
250285878
469629720
275984820
567576198
670548942
141165708
273964878
615524238
734546670
245595840
283378512
670003422
492488568
177596046
308433096
543901182
264031614
238720632
